2019-01-03 08:50:40.180 [Timer-0] ERROR RecuperationWeather - could not get JsonData from URL service
java.net.ConnectException: Connection timed out: connect
	at java.net.DualStackPlainSocketImpl.connect0(Native Method) ~[?:1.8.0_191]
	at java.net.DualStackPlainSocketImpl.socketConnect(Unknown Source) ~[?:1.8.0_191]
	at java.net.AbstractPlainSocketImpl.doConnect(Unknown Source) ~[?:1.8.0_191]
	at java.net.AbstractPlainSocketImpl.connectToAddress(Unknown Source) ~[?:1.8.0_191]
	at java.net.AbstractPlainSocketImpl.connect(Unknown Source) ~[?:1.8.0_191]
	at java.net.PlainSocketImpl.connect(Unknown Source) ~[?:1.8.0_191]
	at java.net.SocksSocketImpl.connect(Unknown Source) ~[?:1.8.0_191]
	at java.net.Socket.connect(Unknown Source) ~[?:1.8.0_191]
	at java.net.Socket.connect(Unknown Source) ~[?:1.8.0_191]
	at sun.net.NetworkClient.doConnect(Unknown Source) ~[?:1.8.0_191]
	at sun.net.www.http.HttpClient.openServer(Unknown Source) ~[?:1.8.0_191]
	at sun.net.www.http.HttpClient.openServer(Unknown Source) ~[?:1.8.0_191]
	at sun.net.www.http.HttpClient.<init>(Unknown Source) ~[?:1.8.0_191]
	at sun.net.www.http.HttpClient.New(Unknown Source) ~[?:1.8.0_191]
	at sun.net.www.http.HttpClient.New(Unknown Source) ~[?:1.8.0_191]
	at sun.net.www.protocol.http.HttpURLConnection.getNewHttpClient(Unknown Source) ~[?:1.8.0_191]
	at sun.net.www.protocol.http.HttpURLConnection.plainConnect0(Unknown Source) ~[?:1.8.0_191]
	at sun.net.www.protocol.http.HttpURLConnection.plainConnect(Unknown Source) ~[?:1.8.0_191]
	at sun.net.www.protocol.http.HttpURLConnection.connect(Unknown Source) ~[?:1.8.0_191]
	at sun.net.www.protocol.http.HttpURLConnection.getInputStream0(Unknown Source) ~[?:1.8.0_191]
	at sun.net.www.protocol.http.HttpURLConnection.getInputStream(Unknown Source) ~[?:1.8.0_191]
	at fr.ensma.a3.ia.be.dto.RecuperationWeather.getJsonDataFromURL(RecuperationWeather.java:120) [classes/:?]
	at fr.ensma.a3.ia.be.dto.RecuperationWeather.getCurrentWeather(RecuperationWeather.java:67) [classes/:?]
	at fr.ensma.a3.ia.be.service.WeatherReportTT.run(WeatherReportTT.java:32) [classes/:?]
	at java.util.TimerThread.mainLoop(Unknown Source) [?:1.8.0_191]
	at java.util.TimerThread.run(Unknown Source) [?:1.8.0_191]
2019-01-03 08:50:40.213 [Timer-0] ERROR WeatherReportTT - Current weather data is null, retry...
